[0.061s] Invoking command in '/home/chaski/spotmicro_ws/src/spotmicro_description/build/spotmicro_description_temp': CMAKE_PREFIX_PATH=/home/chaski/chaski_ws/install/sllidar_ros2:/home/chaski/chaski_ws/install/mi_paquete:/home/chaski/chaski_ws/install/chaski_keyboard_command:/opt/ros/jazzy:/home/chaski/chaski_ws/install/servo_move_keyboard:/home/chaski/chaski_ws/install/chaski_rviz:/home/chaski/chaski_ws/install/chaski_plot:/home/chaski/chaski_ws/install/chaski_launch:/opt/ros/jazzy/opt/gz_sim_vendor:/opt/ros/jazzy/opt/gz_sensors_vendor:/opt/ros/jazzy/opt/gz_physics_vendor:/opt/ros/jazzy/opt/sdformat_vendor:/opt/ros/jazzy/opt/gz_gui_vendor:/opt/ros/jazzy/opt/gz_transport_vendor:/opt/ros/jazzy/opt/gz_rendering_vendor:/opt/ros/jazzy/opt/gz_plugin_vendor:/opt/ros/jazzy/opt/gz_fuel_tools_vendor:/opt/ros/jazzy/opt/gz_msgs_vendor:/opt/ros/jazzy/opt/gz_common_vendor:/opt/ros/jazzy/opt/gz_math_vendor:/opt/ros/jazzy/opt/gz_utils_vendor:/opt/ros/jazzy/opt/gz_tools_vendor:/opt/ros/jazzy/opt/gz_ogre_next_vendor:/opt/ros/jazzy/opt/gz_dartsim_vendor:/opt/ros/jazzy/opt/gz_cmake_vendor /usr/bin/cmake /home/chaski/spotmicro_ws/src/spotmicro_description -DCMAKE_INSTALL_PREFIX=/home/chaski/spotmicro_ws/src/spotmicro_description/install/spotmicro_description_temp
[0.244s] -- Found ament_cmake: 2.5.5 (/opt/ros/jazzy/share/ament_cmake/cmake)
[4.471s] [31mCMake Error at CMakeLists.txt:15 (find_package):
[4.471s]   By not providing "Findament_lint_auto.cmake" in CMAKE_MODULE_PATH this
[4.471s]   project has asked CMake to find a package configuration file provided by
[4.471s]   "ament_lint_auto", but CMake did not find one.
[4.471s] 
[4.471s]   Could not find a package configuration file provided by "ament_lint_auto"
[4.472s]   with any of the following names:
[4.473s] 
[4.473s]     ament_lint_autoConfig.cmake
[4.473s]     ament_lint_auto-config.cmake
[4.473s] 
[4.473s]   Add the installation prefix of "ament_lint_auto" to CMAKE_PREFIX_PATH or
[4.473s]   set "ament_lint_auto_DIR" to a directory containing one of the above files.
[4.474s]   If "ament_lint_auto" provides a separate development package or SDK, be
[4.474s]   sure it has been installed.
[4.474s] 
[4.474s] [0m
[4.474s] -- Configuring incomplete, errors occurred!
[4.496s] Invoked command in '/home/chaski/spotmicro_ws/src/spotmicro_description/build/spotmicro_description_temp' returned '1': CMAKE_PREFIX_PATH=/home/chaski/chaski_ws/install/sllidar_ros2:/home/chaski/chaski_ws/install/mi_paquete:/home/chaski/chaski_ws/install/chaski_keyboard_command:/opt/ros/jazzy:/home/chaski/chaski_ws/install/servo_move_keyboard:/home/chaski/chaski_ws/install/chaski_rviz:/home/chaski/chaski_ws/install/chaski_plot:/home/chaski/chaski_ws/install/chaski_launch:/opt/ros/jazzy/opt/gz_sim_vendor:/opt/ros/jazzy/opt/gz_sensors_vendor:/opt/ros/jazzy/opt/gz_physics_vendor:/opt/ros/jazzy/opt/sdformat_vendor:/opt/ros/jazzy/opt/gz_gui_vendor:/opt/ros/jazzy/opt/gz_transport_vendor:/opt/ros/jazzy/opt/gz_rendering_vendor:/opt/ros/jazzy/opt/gz_plugin_vendor:/opt/ros/jazzy/opt/gz_fuel_tools_vendor:/opt/ros/jazzy/opt/gz_msgs_vendor:/opt/ros/jazzy/opt/gz_common_vendor:/opt/ros/jazzy/opt/gz_math_vendor:/opt/ros/jazzy/opt/gz_utils_vendor:/opt/ros/jazzy/opt/gz_tools_vendor:/opt/ros/jazzy/opt/gz_ogre_next_vendor:/opt/ros/jazzy/opt/gz_dartsim_vendor:/opt/ros/jazzy/opt/gz_cmake_vendor /usr/bin/cmake /home/chaski/spotmicro_ws/src/spotmicro_description -DCMAKE_INSTALL_PREFIX=/home/chaski/spotmicro_ws/src/spotmicro_description/install/spotmicro_description_temp
