[0.851s] DEBUG:colcon:Command line arguments: ['/usr/bin/colcon', 'build']
[0.852s] DEBUG:colcon:Parsed command line arguments: Namespace(log_base=None, log_level=None, verb_name='build', build_base='build', install_base='install', merge_install=False, symlink_install=False, test_result_base=None, continue_on_error=False, executor='parallel', parallel_workers=8, event_handlers=None, ignore_user_meta=False, metas=['./colcon.meta'], base_paths=['.'], packages_ignore=None, packages_ignore_regex=None, paths=None, packages_up_to=None, packages_up_to_regex=None, packages_above=None, packages_above_and_dependencies=None, packages_above_depth=None, packages_select_by_dep=None, packages_skip_by_dep=None, packages_skip_up_to=None, packages_select_build_failed=False, packages_skip_build_finished=False, packages_select_test_failures=False, packages_skip_test_passed=False, packages_select=None, packages_skip=None, packages_select_regex=None, packages_skip_regex=None, packages_start=None, packages_end=None, cmake_args=None, cmake_target=None, cmake_target_skip_unavailable=False, cmake_clean_cache=False, cmake_clean_first=False, cmake_force_configure=False, ament_cmake_args=None, catkin_cmake_args=None, catkin_skip_building_tests=False, verb_parser=<colcon_defaults.argument_parser.defaults.DefaultArgumentsDecorator object at 0x73fd7eff97f0>, verb_extension=<colcon_core.verb.build.BuildVerb object at 0x73fd7ef1e240>, main=<bound method BuildVerb.main of <colcon_core.verb.build.BuildVerb object at 0x73fd7ef1e240>>)
[1.048s] Level 1:colcon.colcon_core.package_discovery:discover_packages(colcon_meta) check parameters
[1.048s] Level 1:colcon.colcon_core.package_discovery:discover_packages(recursive) check parameters
[1.048s] Level 1:colcon.colcon_core.package_discovery:discover_packages(ignore) check parameters
[1.048s] Level 1:colcon.colcon_core.package_discovery:discover_packages(path) check parameters
[1.048s] Level 1:colcon.colcon_core.package_discovery:discover_packages(colcon_meta) discover
[1.049s] Level 1:colcon.colcon_core.package_discovery:discover_packages(recursive) discover
[1.049s] INFO:colcon.colcon_core.package_discovery:Crawling recursively for packages in '/home/chaski/spotmicro_ws/src/spotmicro_description'
[1.049s] Level 1:colcon.colcon_core.package_identification:_identify(.) by extensions ['ignore', 'ignore_ament_install']
[1.049s] Level 1:colcon.colcon_core.package_identification:_identify(.) by extension 'ignore'
[1.049s] Level 1:colcon.colcon_core.package_identification:_identify(.) by extension 'ignore_ament_install'
[1.049s] Level 1:colcon.colcon_core.package_identification:_identify(.) by extensions ['colcon_pkg']
[1.049s] Level 1:colcon.colcon_core.package_identification:_identify(.) by extension 'colcon_pkg'
[1.050s] Level 1:colcon.colcon_core.package_identification:_identify(.) by extensions ['colcon_meta']
[1.050s] Level 1:colcon.colcon_core.package_identification:_identify(.) by extension 'colcon_meta'
[1.050s] Level 1:colcon.colcon_core.package_identification:_identify(.) by extensions ['ros']
[1.050s] Level 1:colcon.colcon_core.package_identification:_identify(.) by extension 'ros'
[1.141s] DEBUG:colcon.colcon_core.package_identification:Package '.' with type 'ros.ament_cmake' and name 'spotmicro_description_temp'
[1.141s] Level 1:colcon.colcon_core.package_discovery:discover_packages(recursive) using defaults
[1.141s] Level 1:colcon.colcon_core.package_discovery:discover_packages(ignore) discover
[1.141s] Level 1:colcon.colcon_core.package_discovery:discover_packages(ignore) using defaults
[1.141s] Level 1:colcon.colcon_core.package_discovery:discover_packages(path) discover
[1.141s] Level 1:colcon.colcon_core.package_discovery:discover_packages(path) using defaults
[1.209s] Level 5:colcon.colcon_core.verb:set package 'spotmicro_description_temp' build argument 'cmake_args' from command line to 'None'
[1.209s] Level 5:colcon.colcon_core.verb:set package 'spotmicro_description_temp' build argument 'cmake_target' from command line to 'None'
[1.209s] Level 5:colcon.colcon_core.verb:set package 'spotmicro_description_temp' build argument 'cmake_target_skip_unavailable' from command line to 'False'
[1.209s] Level 5:colcon.colcon_core.verb:set package 'spotmicro_description_temp' build argument 'cmake_clean_cache' from command line to 'False'
[1.209s] Level 5:colcon.colcon_core.verb:set package 'spotmicro_description_temp' build argument 'cmake_clean_first' from command line to 'False'
[1.209s] Level 5:colcon.colcon_core.verb:set package 'spotmicro_description_temp' build argument 'cmake_force_configure' from command line to 'False'
[1.210s] Level 5:colcon.colcon_core.verb:set package 'spotmicro_description_temp' build argument 'ament_cmake_args' from command line to 'None'
[1.210s] Level 5:colcon.colcon_core.verb:set package 'spotmicro_description_temp' build argument 'catkin_cmake_args' from command line to 'None'
[1.210s] Level 5:colcon.colcon_core.verb:set package 'spotmicro_description_temp' build argument 'catkin_skip_building_tests' from command line to 'False'
[1.210s] DEBUG:colcon.colcon_core.verb:Building package 'spotmicro_description_temp' with the following arguments: {'ament_cmake_args': None, 'build_base': '/home/chaski/spotmicro_ws/src/spotmicro_description/build/spotmicro_description_temp', 'catkin_cmake_args': None, 'catkin_skip_building_tests': False, 'cmake_args': None, 'cmake_clean_cache': False, 'cmake_clean_first': False, 'cmake_force_configure': False, 'cmake_target': None, 'cmake_target_skip_unavailable': False, 'install_base': '/home/chaski/spotmicro_ws/src/spotmicro_description/install/spotmicro_description_temp', 'merge_install': False, 'path': '/home/chaski/spotmicro_ws/src/spotmicro_description', 'symlink_install': False, 'test_result_base': None}
[1.210s] INFO:colcon.colcon_core.executor:Executing jobs using 'parallel' executor
[1.213s] DEBUG:colcon.colcon_parallel_executor.executor.parallel:run_until_complete
[1.214s] INFO:colcon.colcon_ros.task.ament_cmake.build:Building ROS package in '/home/chaski/spotmicro_ws/src/spotmicro_description' with build type 'ament_cmake'
[1.214s] INFO:colcon.colcon_cmake.task.cmake.build:Building CMake package in '/home/chaski/spotmicro_ws/src/spotmicro_description'
[1.231s] INFO:colcon.colcon_core.plugin_system:Skipping extension 'colcon_core.shell.bat': Not used on non-Windows systems
[1.231s] DEBUG:colcon.colcon_core.shell:Skip shell extension 'dsv' for command environment
[1.277s] DEBUG:colcon.colcon_core.event_handler.log_command:Invoking command in '/home/chaski/spotmicro_ws/src/spotmicro_description/build/spotmicro_description_temp': CMAKE_PREFIX_PATH=/home/chaski/chaski_ws/install/sllidar_ros2:/home/chaski/chaski_ws/install/mi_paquete:/home/chaski/chaski_ws/install/chaski_keyboard_command:/opt/ros/jazzy:/home/chaski/chaski_ws/install/servo_move_keyboard:/home/chaski/chaski_ws/install/chaski_rviz:/home/chaski/chaski_ws/install/chaski_plot:/home/chaski/chaski_ws/install/chaski_launch:/opt/ros/jazzy/opt/gz_sim_vendor:/opt/ros/jazzy/opt/gz_sensors_vendor:/opt/ros/jazzy/opt/gz_physics_vendor:/opt/ros/jazzy/opt/sdformat_vendor:/opt/ros/jazzy/opt/gz_gui_vendor:/opt/ros/jazzy/opt/gz_transport_vendor:/opt/ros/jazzy/opt/gz_rendering_vendor:/opt/ros/jazzy/opt/gz_plugin_vendor:/opt/ros/jazzy/opt/gz_fuel_tools_vendor:/opt/ros/jazzy/opt/gz_msgs_vendor:/opt/ros/jazzy/opt/gz_common_vendor:/opt/ros/jazzy/opt/gz_math_vendor:/opt/ros/jazzy/opt/gz_utils_vendor:/opt/ros/jazzy/opt/gz_tools_vendor:/opt/ros/jazzy/opt/gz_ogre_next_vendor:/opt/ros/jazzy/opt/gz_dartsim_vendor:/opt/ros/jazzy/opt/gz_cmake_vendor /usr/bin/cmake /home/chaski/spotmicro_ws/src/spotmicro_description -DCMAKE_INSTALL_PREFIX=/home/chaski/spotmicro_ws/src/spotmicro_description/install/spotmicro_description_temp
[5.712s] DEBUG:colcon.colcon_core.event_handler.log_command:Invoked command in '/home/chaski/spotmicro_ws/src/spotmicro_description/build/spotmicro_description_temp' returned '1': CMAKE_PREFIX_PATH=/home/chaski/chaski_ws/install/sllidar_ros2:/home/chaski/chaski_ws/install/mi_paquete:/home/chaski/chaski_ws/install/chaski_keyboard_command:/opt/ros/jazzy:/home/chaski/chaski_ws/install/servo_move_keyboard:/home/chaski/chaski_ws/install/chaski_rviz:/home/chaski/chaski_ws/install/chaski_plot:/home/chaski/chaski_ws/install/chaski_launch:/opt/ros/jazzy/opt/gz_sim_vendor:/opt/ros/jazzy/opt/gz_sensors_vendor:/opt/ros/jazzy/opt/gz_physics_vendor:/opt/ros/jazzy/opt/sdformat_vendor:/opt/ros/jazzy/opt/gz_gui_vendor:/opt/ros/jazzy/opt/gz_transport_vendor:/opt/ros/jazzy/opt/gz_rendering_vendor:/opt/ros/jazzy/opt/gz_plugin_vendor:/opt/ros/jazzy/opt/gz_fuel_tools_vendor:/opt/ros/jazzy/opt/gz_msgs_vendor:/opt/ros/jazzy/opt/gz_common_vendor:/opt/ros/jazzy/opt/gz_math_vendor:/opt/ros/jazzy/opt/gz_utils_vendor:/opt/ros/jazzy/opt/gz_tools_vendor:/opt/ros/jazzy/opt/gz_ogre_next_vendor:/opt/ros/jazzy/opt/gz_dartsim_vendor:/opt/ros/jazzy/opt/gz_cmake_vendor /usr/bin/cmake /home/chaski/spotmicro_ws/src/spotmicro_description -DCMAKE_INSTALL_PREFIX=/home/chaski/spotmicro_ws/src/spotmicro_description/install/spotmicro_description_temp
[5.768s] Level 1:colcon.colcon_core.environment:create_environment_scripts_only(spotmicro_description_temp)
[5.787s] Level 1:colcon.colcon_core.environment:checking '/home/chaski/spotmicro_ws/src/spotmicro_description/install/spotmicro_description_temp' for CMake module files
[5.789s] Level 1:colcon.colcon_core.environment:checking '/home/chaski/spotmicro_ws/src/spotmicro_description/install/spotmicro_description_temp' for CMake config files
[5.791s] Level 1:colcon.colcon_core.environment:checking '/home/chaski/spotmicro_ws/src/spotmicro_description/install/spotmicro_description_temp/bin'
[5.791s] Level 1:colcon.colcon_core.environment:checking '/home/chaski/spotmicro_ws/src/spotmicro_description/install/spotmicro_description_temp/lib/pkgconfig/spotmicro_description_temp.pc'
[5.797s] Level 1:colcon.colcon_core.environment:checking '/home/chaski/spotmicro_ws/src/spotmicro_description/install/spotmicro_description_temp/lib/python3.12/site-packages'
[5.798s] Level 1:colcon.colcon_core.environment:checking '/home/chaski/spotmicro_ws/src/spotmicro_description/install/spotmicro_description_temp/bin'
[5.798s] INFO:colcon.colcon_core.shell:Creating package descriptor '/home/chaski/spotmicro_ws/src/spotmicro_description/install/spotmicro_description_temp/share/spotmicro_description_temp/package.dsv'
[5.800s] INFO:colcon.colcon_core.shell:Creating package script '/home/chaski/spotmicro_ws/src/spotmicro_description/install/spotmicro_description_temp/share/spotmicro_description_temp/package.sh'
[5.804s] INFO:colcon.colcon_core.shell:Creating package script '/home/chaski/spotmicro_ws/src/spotmicro_description/install/spotmicro_description_temp/share/spotmicro_description_temp/package.bash'
[5.806s] INFO:colcon.colcon_core.shell:Creating package script '/home/chaski/spotmicro_ws/src/spotmicro_description/install/spotmicro_description_temp/share/spotmicro_description_temp/package.zsh'
[5.808s] Level 1:colcon.colcon_core.environment:create_file_with_runtime_dependencies(/home/chaski/spotmicro_ws/src/spotmicro_description/install/spotmicro_description_temp/share/colcon-core/packages/spotmicro_description_temp)
[5.820s] DEBUG:colcon.colcon_parallel_executor.executor.parallel:closing loop
[5.820s] DEBUG:colcon.colcon_parallel_executor.executor.parallel:loop closed
[5.821s] DEBUG:colcon.colcon_parallel_executor.executor.parallel:run_until_complete finished with '1'
[5.821s] DEBUG:colcon.colcon_core.event_reactor:joining thread
[5.993s] INFO:colcon.colcon_core.plugin_system:Skipping extension 'colcon_notification.desktop_notification.notify_send': Could not find 'notify-send'
[5.993s] INFO:colcon.colcon_core.plugin_system:Skipping extension 'colcon_notification.desktop_notification.terminal_notifier': Not used on non-Darwin systems
[5.993s] INFO:colcon.colcon_core.plugin_system:Skipping extension 'colcon_notification.desktop_notification.win32': Not used on non-Windows systems
[5.993s] INFO:colcon.colcon_notification.desktop_notification:Sending desktop notification using 'notify2'
[5.999s] DEBUG:colcon.colcon_notification.desktop_notification.notify2:Failed to initialize notify2: org.freedesktop.DBus.Error.ServiceUnknown: The name org.freedesktop.Notifications was not provided by any .service files
[6.000s] DEBUG:colcon.colcon_core.event_reactor:joined thread
[6.001s] INFO:colcon.colcon_core.shell:Creating prefix script '/home/chaski/spotmicro_ws/src/spotmicro_description/install/local_setup.sh'
[6.003s] INFO:colcon.colcon_core.shell:Creating prefix util module '/home/chaski/spotmicro_ws/src/spotmicro_description/install/_local_setup_util_sh.py'
[6.006s] INFO:colcon.colcon_core.shell:Creating prefix chain script '/home/chaski/spotmicro_ws/src/spotmicro_description/install/setup.sh'
[6.011s] INFO:colcon.colcon_core.shell:Creating prefix script '/home/chaski/spotmicro_ws/src/spotmicro_description/install/local_setup.bash'
[6.013s] INFO:colcon.colcon_core.shell:Creating prefix chain script '/home/chaski/spotmicro_ws/src/spotmicro_description/install/setup.bash'
[6.018s] INFO:colcon.colcon_core.shell:Creating prefix script '/home/chaski/spotmicro_ws/src/spotmicro_description/install/local_setup.zsh'
[6.020s] INFO:colcon.colcon_core.shell:Creating prefix chain script '/home/chaski/spotmicro_ws/src/spotmicro_description/install/setup.zsh'
